<?xml version="1.0" encoding="UTF-8"?>
<!-- Generated by org.testng.reporters.JUnitReportReporter -->
<testsuite hostname="LAPTOP-KMIN0PLR" failures="0" tests="1" name="test.task2" time="12.612" errors="0" timestamp="2023-05-02T11:22:21 IST" skipped="0">
  <testcase classname="test.task2" name="Task1" time="12.612"/>
  <system-out/>
</testsuite> <!-- test.task2 -->
