<?xml version="1.0" encoding="UTF-8"?>
<!-- Generated by org.testng.reporters.JUnitReportReporter -->
<testsuite hostname="LAPTOP-KMIN0PLR" failures="0" tests="8" name="test.task1" time="0.019" errors="0" timestamp="2023-05-02T10:31:03 IST" skipped="0">
  <testcase classname="test.task1" name="div" time="0.002"/>
  <system-out/>
  <testcase classname="test.task1" name="sub" time="0.001"/>
  <system-out/>
  <testcase classname="test.task1" name="mul" time="0.001"/>
  <system-out/>
  <testcase classname="test.task1" name="add" time="0.008"/>
  <system-out/>
  <testcase classname="test.task1" name="div" time="0.001"/>
  <system-out/>
  <testcase classname="test.task1" name="add" time="0.002"/>
  <system-out/>
  <testcase classname="test.task1" name="mul" time="0.002"/>
  <system-out/>
  <testcase classname="test.task1" name="sub" time="0.002"/>
  <system-out/>
</testsuite> <!-- test.task1 -->
